[Wed Apr 17 21:51:12.966491 2024] [mpm_winnt:notice] [pid 31972:tid 608] AH00455: Apache/2.4.25 (Win32) PHP/7.1.1 configured -- resuming normal operations
[Wed Apr 17 21:51:12.966491 2024] [mpm_winnt:notice] [pid 31972:tid 608] AH00456: Apache Lounge VC14 Server built: Dec 17 2016 10:42:52
[Wed Apr 17 21:51:12.966491 2024] [core:notice] [pid 31972:tid 608] AH00094: Command line: 'C:\\Users\\jonesj\\Data\\Shared\\Projects\\tavernlight-trial\\external\\UniServerZ\\core\\apache2\\bin\\httpd_z.exe -d C:/Users/jonesj/Data/Shared/Projects/tavernlight-trial/external/UniServerZ/core/apache2 -f C:\\Users\\jonesj\\Data\\Shared\\Projects\\tavernlight-trial\\external\\UniServerZ\\core\\apache2\\conf\\httpd.conf -d C:\\Users\\jonesj\\Data\\Shared\\Projects\\tavernlight-trial\\external\\UniServerZ\\core\\apache2'
[Wed Apr 17 21:51:12.971388 2024] [mpm_winnt:notice] [pid 31972:tid 608] AH00418: Parent: Created child process 3020
[Wed Apr 17 21:51:13.494221 2024] [mpm_winnt:notice] [pid 3020:tid 676] AH00354: Child: Starting 150 worker threads.
[Wed Apr 17 22:04:48.127636 2024] [php7:warn] [pid 3020:tid 1844] [client 127.0.0.1:57054] PHP Warning:  mysqli::__construct(): (HY000/1045): Access denied for user 'tfs13'@'localhost' (using password: YES) in C:\\Users\\jonesj\\Data\\Shared\\Projects\\tavernlight-trial\\external\\UniServerZ\\www\\engine\\database\\connect.php on line 35
[Thu Apr 18 02:19:44.870688 2024] [core:warn] [pid 2752:tid 476] AH00098: pid file C:/Users/jonesj/Data/Shared/Projects/tavernlight-trial/external/UniServerZ/core/apache2/logs/httpd.pid overwritten -- Unclean shutdown of previous Apache run?
[Thu Apr 18 02:19:44.912782 2024] [mpm_winnt:notice] [pid 2752:tid 476] AH00455: Apache/2.4.25 (Win32) PHP/7.1.1 configured -- resuming normal operations
[Thu Apr 18 02:19:44.912782 2024] [mpm_winnt:notice] [pid 2752:tid 476] AH00456: Apache Lounge VC14 Server built: Dec 17 2016 10:42:52
[Thu Apr 18 02:19:44.912782 2024] [core:notice] [pid 2752:tid 476] AH00094: Command line: 'C:\\Users\\jonesj\\Data\\Shared\\Projects\\tavernlight-trial\\external\\UniServerZ\\core\\apache2\\bin\\httpd_z.exe -d C:/Users/jonesj/Data/Shared/Projects/tavernlight-trial/external/UniServerZ/core/apache2 -f C:\\Users\\jonesj\\Data\\Shared\\Projects\\tavernlight-trial\\external\\UniServerZ\\core\\apache2\\conf\\httpd.conf -d C:\\Users\\jonesj\\Data\\Shared\\Projects\\tavernlight-trial\\external\\UniServerZ\\core\\apache2'
[Thu Apr 18 02:19:44.922783 2024] [mpm_winnt:notice] [pid 2752:tid 476] AH00418: Parent: Created child process 20600
[Thu Apr 18 02:19:45.424067 2024] [mpm_winnt:notice] [pid 20600:tid 664] AH00354: Child: Starting 150 worker threads.
[Thu Apr 18 02:19:47.831903 2024] [php7:warn] [pid 20600:tid 1880] [client 127.0.0.1:50984] PHP Warning:  mysqli::__construct(): (HY000/2002): No connection could be made because the target machine actively refused it.\r\n in C:\\Users\\jonesj\\Data\\Shared\\Projects\\tavernlight-trial\\external\\UniServerZ\\www\\engine\\database\\connect.php on line 35
[Thu Apr 18 04:08:23.673257 2024] [core:warn] [pid 1680:tid 668] AH00098: pid file C:/Users/jonesj/Data/Shared/Projects/tavernlight-trial/external/UniServerZ/core/apache2/logs/httpd.pid overwritten -- Unclean shutdown of previous Apache run?
[Thu Apr 18 04:08:23.765889 2024] [mpm_winnt:notice] [pid 1680:tid 668] AH00455: Apache/2.4.25 (Win32) PHP/7.1.1 configured -- resuming normal operations
[Thu Apr 18 04:08:23.765889 2024] [mpm_winnt:notice] [pid 1680:tid 668] AH00456: Apache Lounge VC14 Server built: Dec 17 2016 10:42:52
[Thu Apr 18 04:08:23.765889 2024] [core:notice] [pid 1680:tid 668] AH00094: Command line: 'C:\\Users\\jonesj\\Data\\Shared\\Projects\\tavernlight-trial\\external\\UniServerZ\\core\\apache2\\bin\\httpd_z.exe -d C:/Users/jonesj/Data/Shared/Projects/tavernlight-trial/external/UniServerZ/core/apache2 -f C:\\Users\\jonesj\\Data\\Shared\\Projects\\tavernlight-trial\\external\\UniServerZ\\core\\apache2\\conf\\httpd.conf -d C:\\Users\\jonesj\\Data\\Shared\\Projects\\tavernlight-trial\\external\\UniServerZ\\core\\apache2'
[Thu Apr 18 04:08:23.774877 2024] [mpm_winnt:notice] [pid 1680:tid 668] AH00418: Parent: Created child process 14608
[Thu Apr 18 04:08:24.309433 2024] [mpm_winnt:notice] [pid 14608:tid 584] AH00354: Child: Starting 150 worker threads.
[Thu Apr 18 18:23:02.286120 2024] [core:warn] [pid 23124:tid 608] AH00098: pid file C:/Users/jonesj/Data/Shared/Projects/tavernlight-trial/database/core/apache2/logs/httpd.pid overwritten -- Unclean shutdown of previous Apache run?
[Thu Apr 18 18:23:02.321531 2024] [mpm_winnt:notice] [pid 23124:tid 608] AH00455: Apache/2.4.25 (Win32) PHP/7.1.1 configured -- resuming normal operations
[Thu Apr 18 18:23:02.321531 2024] [mpm_winnt:notice] [pid 23124:tid 608] AH00456: Apache Lounge VC14 Server built: Dec 17 2016 10:42:52
[Thu Apr 18 18:23:02.321531 2024] [core:notice] [pid 23124:tid 608] AH00094: Command line: 'C:\\Users\\jonesj\\Data\\Shared\\Projects\\tavernlight-trial\\database\\core\\apache2\\bin\\httpd_z.exe -d C:/Users/jonesj/Data/Shared/Projects/tavernlight-trial/database/core/apache2 -f C:\\Users\\jonesj\\Data\\Shared\\Projects\\tavernlight-trial\\database\\core\\apache2\\conf\\httpd.conf -d C:\\Users\\jonesj\\Data\\Shared\\Projects\\tavernlight-trial\\database\\core\\apache2'
[Thu Apr 18 18:23:02.374547 2024] [mpm_winnt:notice] [pid 23124:tid 608] AH00418: Parent: Created child process 16832
[Thu Apr 18 18:23:03.036548 2024] [mpm_winnt:notice] [pid 16832:tid 736] AH00354: Child: Starting 150 worker threads.
[Thu Apr 18 18:23:05.080842 2024] [php7:warn] [pid 16832:tid 1908] [client 127.0.0.1:54816] PHP Warning:  mysqli::__construct(): (HY000/2002): No connection could be made because the target machine actively refused it.\r\n in C:\\Users\\jonesj\\Data\\Shared\\Projects\\tavernlight-trial\\database\\www\\engine\\database\\connect.php on line 35
